This is pdfTeX, Version 3.141592653-2.6-1.40.24 (MiKTeX 22.3) (preloaded format=pdflatex 2022.5.14)  9 MAR 2023 10:44
entering extended mode
 \write18 enabled.
 file:line:error style messages enabled.
 %&-line parsing enabled.
**c:/Users/Maurizio/Desktop/computational-biophysics-theory/principal.tex
(c:/Users/Maurizio/Desktop/computational-biophysics-theory/principal.tex
LaTeX2e <2021-11-15> patch level 1
L3 programming layer <2022-04-29> (prefix.tex (C:\Users\Maurizio\AppData\Local\Programs\MiKTeX\tex/latex/base\book.cls
Document Class: book 2021/10/04 v1.4n Standard LaTeX document class
(C:\Users\Maurizio\AppData\Local\Programs\MiKTeX\tex/latex/base\bk10.clo
File: bk10.clo 2021/10/04 v1.4n Standard LaTeX file (size option)
)
\c@part=\count185
\c@chapter=\count186
\c@section=\count187
\c@subsection=\count188
\c@subsubsection=\count189
\c@paragraph=\count190
\c@subparagraph=\count191
\c@figure=\count192
\c@table=\count193
\abovecaptionskip=\skip47
\belowcaptionskip=\skip48
\bibindent=\dimen138
) (C:\Users\Maurizio\AppData\Local\Programs\MiKTeX\tex/latex/geometry\geometry.sty
Package: geometry 2020/01/02 v5.9 Page Geometry
 (C:\Users\Maurizio\AppData\Local\Programs\MiKTeX\tex/latex/graphics\keyval.sty
Package: keyval 2014/10/28 v1.15 key=value parser (DPC)
\KV@toks@=\toks16
) (C:\Users\Maurizio\AppData\Local\Programs\MiKTeX\tex/generic/iftex\ifvtex.sty
Package: ifvtex 2019/10/25 v1.7 ifvtex legacy package. Use iftex instead.
 (C:\Users\Maurizio\AppData\Local\Programs\MiKTeX\tex/generic/iftex\iftex.sty
Package: iftex 2022/02/03 v1.0f TeX engine tests
))
\Gm@cnth=\count194
\Gm@cntv=\count195
\c@Gm@tempcnt=\count196
\Gm@bindingoffset=\dimen139
\Gm@wd@mp=\dimen140
\Gm@odd@mp=\dimen141
\Gm@even@mp=\dimen142
\Gm@layoutwidth=\dimen143
\Gm@layoutheight=\dimen144
\Gm@layouthoffset=\dimen145
\Gm@layoutvoffset=\dimen146
\Gm@dimlist=\toks17
 (C:\Users\Maurizio\AppData\Local\Programs\MiKTeX\tex/latex/geometry\geometry.cfg)) (C:\Users\Maurizio\AppData\Local\Programs\MiKTeX\tex/generic/babel\babel.sty
Package: babel 2022/04/30 3.74 The Babel package
\babel@savecnt=\count197
\U@D=\dimen147
\l@unhyphenated=\language79
 (C:\Users\Maurizio\AppData\Local\Programs\MiKTeX\tex/generic/babel\txtbabel.def)
\bbl@readstream=\read2
\bbl@dirlevel=\count198

*************************************
* Local config file bblopts.cfg used
*
(C:\Users\Maurizio\AppData\Local\Programs\MiKTeX\tex/latex/arabi\bblopts.cfg
File: bblopts.cfg 2005/09/08 v0.1 add Arabic and Farsi to "declared" options of babel
) (C:\Users\Maurizio\AppData\Local\Programs\MiKTeX\tex/latex/babel-english\english.ldf
Language: english 2017/06/06 v3.3r English support from the babel system
Package babel Info: Hyphen rules for 'canadian' set to \l@english
(babel)             (\language0). Reported on input line 102.
Package babel Info: Hyphen rules for 'australian' set to \l@ukenglish
(babel)             (\language73). Reported on input line 105.
Package babel Info: Hyphen rules for 'newzealand' set to \l@ukenglish
(babel)             (\language73). Reported on input line 108.
)) (C:\Users\Maurizio\AppData\Local\Programs\MiKTeX\tex/latex/base\inputenc.sty
Package: inputenc 2021/02/14 v1.3d Input encoding file
\inpenc@prehook=\toks18
\inpenc@posthook=\toks19
) (C:\Users\Maurizio\AppData\Local\Programs\MiKTeX\tex/latex/base\fontenc.sty
Package: fontenc 2021/04/29 v2.0v Standard LaTeX package
) (C:\Users\Maurizio\AppData\Local\Programs\MiKTeX\tex/latex/cancel\cancel.sty
Package: cancel 2013/04/12 v2.2 Cancel math terms
) (C:\Users\Maurizio\AppData\Local\Programs\MiKTeX\tex/latex/amsmath\amsmath.sty
Package: amsmath 2021/10/15 v2.17l AMS math features
\@mathmargin=\skip49

For additional information on amsmath, use the `?' option.
(C:\Users\Maurizio\AppData\Local\Programs\MiKTeX\tex/latex/amsmath\amstext.sty
Package: amstext 2021/08/26 v2.01 AMS text
 (C:\Users\Maurizio\AppData\Local\Programs\MiKTeX\tex/latex/amsmath\amsgen.sty
File: amsgen.sty 1999/11/30 v2.0 generic functions
\@emptytoks=\toks20
\ex@=\dimen148
)) (C:\Users\Maurizio\AppData\Local\Programs\MiKTeX\tex/latex/amsmath\amsbsy.sty
Package: amsbsy 1999/11/29 v1.2d Bold Symbols
\pmbraise@=\dimen149
) (C:\Users\Maurizio\AppData\Local\Programs\MiKTeX\tex/latex/amsmath\amsopn.sty
Package: amsopn 2021/08/26 v2.02 operator names
)
\inf@bad=\count199
LaTeX Info: Redefining \frac on input line 234.
\uproot@=\count266
\leftroot@=\count267
LaTeX Info: Redefining \overline on input line 399.
\classnum@=\count268
\DOTSCASE@=\count269
LaTeX Info: Redefining \ldots on input line 496.
LaTeX Info: Redefining \dots on input line 499.
LaTeX Info: Redefining \cdots on input line 620.
\Mathstrutbox@=\box50
\strutbox@=\box51
\big@size=\dimen150
LaTeX Font Info:    Redeclaring font encoding OML on input line 743.
LaTeX Font Info:    Redeclaring font encoding OMS on input line 744.
\macc@depth=\count270
\c@MaxMatrixCols=\count271
\dotsspace@=\muskip16
\c@parentequation=\count272
\dspbrk@lvl=\count273
\tag@help=\toks21
\row@=\count274
\column@=\count275
\maxfields@=\count276
\andhelp@=\toks22
\eqnshift@=\dimen151
\alignsep@=\dimen152
\tagshift@=\dimen153
\tagwidth@=\dimen154
\totwidth@=\dimen155
\lineht@=\dimen156
\@envbody=\toks23
\multlinegap=\skip50
\multlinetaggap=\skip51
\mathdisplay@stack=\toks24
LaTeX Info: Redefining \[ on input line 2938.
LaTeX Info: Redefining \] on input line 2939.
) (C:\Users\Maurizio\AppData\Local\Programs\MiKTeX\tex/latex/amsfonts\amsfonts.sty
Package: amsfonts 2013/01/14 v3.01 Basic AMSFonts support
\symAMSa=\mathgroup4
\symAMSb=\mathgroup5
LaTeX Font Info:    Redeclaring math symbol \hbar on input line 98.
LaTeX Font Info:    Overwriting math alphabet `\mathfrak' in version `bold'
(Font)                  U/euf/m/n --> U/euf/b/n on input line 106.
) (C:\Users\Maurizio\AppData\Local\Programs\MiKTeX\tex/latex/doublestroke\dsfont.sty
Package: dsfont 1995/08/01 v0.1 Double stroke roman fonts
) (C:\Users\Maurizio\AppData\Local\Programs\MiKTeX\tex/latex/listings\listings.sty
\lst@mode=\count277
\lst@gtempboxa=\box52
\lst@token=\toks25
\lst@length=\count278
\lst@currlwidth=\dimen157
\lst@column=\count279
\lst@pos=\count280
\lst@lostspace=\dimen158
\lst@width=\dimen159
\lst@newlines=\count281
\lst@lineno=\count282
\lst@maxwidth=\dimen160
 (C:\Users\Maurizio\AppData\Local\Programs\MiKTeX\tex/latex/listings\lstmisc.sty
File: lstmisc.sty 2020/03/24 1.8d (Carsten Heinz)
\c@lstnumber=\count283
\lst@skipnumbers=\count284
\lst@framebox=\box53
) (C:\Users\Maurizio\AppData\Local\Programs\MiKTeX\tex/latex/listings\listings.cfg
File: listings.cfg 2020/03/24 1.8d listings configuration
))
Package: listings 2020/03/24 1.8d (Carsten Heinz)
 (C:\Users\Maurizio\AppData\Local\Programs\MiKTeX\tex/latex/hyperref\hyperref.sty
Package: hyperref 2022-02-21 v7.00n Hypertext links for LaTeX
 (C:\Users\Maurizio\AppData\Local\Programs\MiKTeX\tex/generic/ltxcmds\ltxcmds.sty
Package: ltxcmds 2020-05-10 v1.25 LaTeX kernel commands for general use (HO)
) (C:\Users\Maurizio\AppData\Local\Programs\MiKTeX\tex/generic/pdftexcmds\pdftexcmds.sty
Package: pdftexcmds 2020-06-27 v0.33 Utility functions of pdfTeX for LuaTeX (HO)
 (C:\Users\Maurizio\AppData\Local\Programs\MiKTeX\tex/generic/infwarerr\infwarerr.sty
Package: infwarerr 2019/12/03 v1.5 Providing info/warning/error messages (HO)
)
Package pdftexcmds Info: \pdf@primitive is available.
Package pdftexcmds Info: \pdf@ifprimitive is available.
Package pdftexcmds Info: \pdfdraftmode found.
) (C:\Users\Maurizio\AppData\Local\Programs\MiKTeX\tex/generic/kvsetkeys\kvsetkeys.sty
Package: kvsetkeys 2019/12/15 v1.18 Key value parser (HO)
) (C:\Users\Maurizio\AppData\Local\Programs\MiKTeX\tex/generic/kvdefinekeys\kvdefinekeys.sty
Package: kvdefinekeys 2019-12-19 v1.6 Define keys (HO)
) (C:\Users\Maurizio\AppData\Local\Programs\MiKTeX\tex/generic/pdfescape\pdfescape.sty
Package: pdfescape 2019/12/09 v1.15 Implements pdfTeX's escape features (HO)
) (C:\Users\Maurizio\AppData\Local\Programs\MiKTeX\tex/latex/hycolor\hycolor.sty
Package: hycolor 2020-01-27 v1.10 Color options for hyperref/bookmark (HO)
) (C:\Users\Maurizio\AppData\Local\Programs\MiKTeX\tex/latex/letltxmacro\letltxmacro.sty
Package: letltxmacro 2019/12/03 v1.6 Let assignment for LaTeX macros (HO)
) (C:\Users\Maurizio\AppData\Local\Programs\MiKTeX\tex/latex/auxhook\auxhook.sty
Package: auxhook 2019-12-17 v1.6 Hooks for auxiliary files (HO)
) (C:\Users\Maurizio\AppData\Local\Programs\MiKTeX\tex/latex/kvoptions\kvoptions.sty
Package: kvoptions 2020-10-07 v3.14 Key value format for package options (HO)
)
\@linkdim=\dimen161
\Hy@linkcounter=\count285
\Hy@pagecounter=\count286
 (C:\Users\Maurizio\AppData\Local\Programs\MiKTeX\tex/latex/hyperref\pd1enc.def
File: pd1enc.def 2022-02-21 v7.00n Hyperref: PDFDocEncoding definition (HO)
Now handling font encoding PD1 ...
... no UTF-8 mapping file for font encoding PD1
) (C:\Users\Maurizio\AppData\Local\Programs\MiKTeX\tex/generic/intcalc\intcalc.sty
Package: intcalc 2019/12/15 v1.3 Expandable calculations with integers (HO)
) (C:\Users\Maurizio\AppData\Local\Programs\MiKTeX\tex/generic/etexcmds\etexcmds.sty
Package: etexcmds 2019/12/15 v1.7 Avoid name clashes with e-TeX commands (HO)
)
\Hy@SavedSpaceFactor=\count287
 (C:\Users\Maurizio\AppData\Local\Programs\MiKTeX\tex/latex/hyperref\puenc.def
File: puenc.def 2022-02-21 v7.00n Hyperref: PDF Unicode definition (HO)
Now handling font encoding PU ...
... no UTF-8 mapping file for font encoding PU
)
Package hyperref Info: Hyper figures OFF on input line 4137.
Package hyperref Info: Link nesting OFF on input line 4142.
Package hyperref Info: Hyper index ON on input line 4145.
Package hyperref Info: Plain pages OFF on input line 4152.
Package hyperref Info: Backreferencing OFF on input line 4157.
Package hyperref Info: Implicit mode ON; LaTeX internals redefined.
Package hyperref Info: Bookmarks ON on input line 4390.
\c@Hy@tempcnt=\count288
 (C:\Users\Maurizio\AppData\Local\Programs\MiKTeX\tex/latex/url\url.sty
\Urlmuskip=\muskip17
Package: url 2013/09/16  ver 3.4  Verb mode for urls, etc.
)
LaTeX Info: Redefining \url on input line 4749.
\XeTeXLinkMargin=\dimen162
 (C:\Users\Maurizio\AppData\Local\Programs\MiKTeX\tex/generic/bitset\bitset.sty
Package: bitset 2019/12/09 v1.3 Handle bit-vector datatype (HO)
 (C:\Users\Maurizio\AppData\Local\Programs\MiKTeX\tex/generic/bigintcalc\bigintcalc.sty
Package: bigintcalc 2019/12/15 v1.5 Expandable calculations on big integers (HO)
))
\Fld@menulength=\count289
\Field@Width=\dimen163
\Fld@charsize=\dimen164
Package hyperref Info: Hyper figures OFF on input line 6027.
Package hyperref Info: Link nesting OFF on input line 6032.
Package hyperref Info: Hyper index ON on input line 6035.
Package hyperref Info: backreferencing OFF on input line 6042.
Package hyperref Info: Link coloring OFF on input line 6047.
Package hyperref Info: Link coloring with OCG OFF on input line 6052.
Package hyperref Info: PDF/A mode OFF on input line 6057.
LaTeX Info: Redefining \ref on input line 6097.
LaTeX Info: Redefining \pageref on input line 6101.
 (C:\Users\Maurizio\AppData\Local\Programs\MiKTeX\tex/latex/base\atbegshi-ltx.sty
Package: atbegshi-ltx 2021/01/10 v1.0c Emulation of the original atbegshi
package with kernel methods
)
\Hy@abspage=\count290
\c@Item=\count291
\c@Hfootnote=\count292
)
Package hyperref Info: Driver (autodetected): hpdftex.
 (C:\Users\Maurizio\AppData\Local\Programs\MiKTeX\tex/latex/hyperref\hpdftex.def
File: hpdftex.def 2022-02-21 v7.00n Hyperref driver for pdfTeX
 (C:\Users\Maurizio\AppData\Local\Programs\MiKTeX\tex/latex/base\atveryend-ltx.sty
Package: atveryend-ltx 2020/08/19 v1.0a Emulation of the original atveryend package
with kernel methods
)
\Fld@listcount=\count293
\c@bookmark@seq@number=\count294
 (C:\Users\Maurizio\AppData\Local\Programs\MiKTeX\tex/latex/rerunfilecheck\rerunfilecheck.sty
Package: rerunfilecheck 2019/12/05 v1.9 Rerun checks for auxiliary files (HO)
 (C:\Users\Maurizio\AppData\Local\Programs\MiKTeX\tex/generic/uniquecounter\uniquecounter.sty
Package: uniquecounter 2019/12/15 v1.4 Provide unlimited unique counter (HO)
)
Package uniquecounter Info: New unique counter `rerunfilecheck' on input line 286.
)
\Hy@SectionHShift=\skip52
) (C:\Users\Maurizio\AppData\Local\Programs\MiKTeX\tex/latex/siunitx\siunitx.sty
Package: siunitx 2022-05-03 v3.1.1 A comprehensive (SI) units package
\l__siunitx_angle_tmp_dim=\dimen165
\l__siunitx_angle_marker_box=\box54
\l__siunitx_angle_unit_box=\box55
\l__siunitx_compound_count_int=\count295
 (C:\Users\Maurizio\AppData\Local\Programs\MiKTeX\tex/latex/translations\translations.sty
Package: translations 2022/02/05 v1.12 internationalization of LaTeX2e packages (CN)
 (C:\Users\Maurizio\AppData\Local\Programs\MiKTeX\tex/latex/etoolbox\etoolbox.sty
Package: etoolbox 2020/10/05 v2.5k e-TeX tools for LaTeX (JAW)
\etb@tempcnta=\count296
))
\l__siunitx_number_exponent_fixed_int=\count297
\l__siunitx_number_min_decimal_int=\count298
\l__siunitx_number_min_integer_int=\count299
\l__siunitx_number_round_precision_int=\count300
\l__siunitx_number_group_first_int=\count301
\l__siunitx_number_group_size_int=\count302
\l__siunitx_number_group_minimum_int=\count303
\l__siunitx_table_tmp_box=\box56
\l__siunitx_table_tmp_dim=\dimen166
\l__siunitx_table_column_width_dim=\dimen167
\l__siunitx_table_integer_box=\box57
\l__siunitx_table_decimal_box=\box58
\l__siunitx_table_before_box=\box59
\l__siunitx_table_after_box=\box60
\l__siunitx_table_before_dim=\dimen168
\l__siunitx_table_carry_dim=\dimen169
\l__siunitx_unit_tmp_int=\count304
\l__siunitx_unit_position_int=\count305
\l__siunitx_unit_total_int=\count306
 (C:\Users\Maurizio\AppData\Local\Programs\MiKTeX\tex/latex/l3packages/l3keys2e\l3keys2e.sty (C:\Users\Maurizio\AppData\Local\Programs\MiKTeX\tex/latex/l3kernel\expl3.sty
Package: expl3 2022-04-29 L3 programming layer (loader) 
 (C:\Users\Maurizio\AppData\Local\Programs\MiKTeX\tex/latex/l3backend\l3backend-pdftex.def
File: l3backend-pdftex.def 2022-04-20 L3 backend support: PDF output (pdfTeX)
\l__color_backend_stack_int=\count307
\l__pdf_internal_box=\box61
))
Package: l3keys2e 2022-01-12 LaTeX2e option processing using LaTeX3 keys
) (C:\Users\Maurizio\AppData\Local\Programs\MiKTeX\tex/latex/tools\array.sty
Package: array 2021/10/04 v2.5f Tabular extension package (FMi)
\col@sep=\dimen170
\ar@mcellbox=\box62
\extrarowheight=\dimen171
\NC@list=\toks26
\extratabsurround=\skip53
\backup@length=\skip54
\ar@cellbox=\box63
)) (C:\Users\Maurizio\AppData\Local\Programs\MiKTeX\tex/latex/fancyhdr\fancyhdr.sty
Package: fancyhdr 2021/01/28 v4.0.1 Extensive control of page headers and footers
\f@nch@headwidth=\skip55
\f@nch@O@elh=\skip56
\f@nch@O@erh=\skip57
\f@nch@O@olh=\skip58
\f@nch@O@orh=\skip59
\f@nch@O@elf=\skip60
\f@nch@O@erf=\skip61
\f@nch@O@olf=\skip62
\f@nch@O@orf=\skip63
) (C:\Users\Maurizio\AppData\Local\Programs\MiKTeX\tex/latex/base\textcomp.sty
Package: textcomp 2020/02/02 v2.0n Standard LaTeX package
) (C:\Users\Maurizio\AppData\Local\Programs\MiKTeX\tex/latex/makecell\makecell.sty
Package: makecell 2009/08/03 V0.1e Managing of Tab Column Heads and Cells
\rotheadsize=\dimen172
\c@nlinenum=\count308
\TeXr@lab=\toks27
) (C:\Users\Maurizio\AppData\Local\Programs\MiKTeX\tex/latex/caption\caption.sty
Package: caption 2022/03/01 v3.6b Customizing captions (AR)
 (C:\Users\Maurizio\AppData\Local\Programs\MiKTeX\tex/latex/caption\caption3.sty
Package: caption3 2022/03/17 v2.3b caption3 kernel (AR)
\caption@tempdima=\dimen173
\captionmargin=\dimen174
\caption@leftmargin=\dimen175
\caption@rightmargin=\dimen176
\caption@width=\dimen177
\caption@indent=\dimen178
\caption@parindent=\dimen179
\caption@hangindent=\dimen180
Package caption Info: Standard document class detected.
)
\c@caption@flags=\count309
\c@continuedfloat=\count310
Package caption Info: hyperref package is loaded.
Package caption Info: listings package is loaded.
) (C:\Users\Maurizio\AppData\Local\Programs\MiKTeX\tex/latex/pdfpages\pdfpages.sty
Package: pdfpages 2022/01/29 v0.5u Insert pages of external PDF documents (AM)
 (C:\Users\Maurizio\AppData\Local\Programs\MiKTeX\tex/latex/base\ifthen.sty
Package: ifthen 2020/11/24 v1.1c Standard LaTeX ifthen package (DPC)
) (C:\Users\Maurizio\AppData\Local\Programs\MiKTeX\tex/latex/tools\calc.sty
Package: calc 2017/05/25 v4.3 Infix arithmetic (KKT,FJ)
\calc@Acount=\count311
\calc@Bcount=\count312
\calc@Adimen=\dimen181
\calc@Bdimen=\dimen182
\calc@Askip=\skip64
\calc@Bskip=\skip65
LaTeX Info: Redefining \setlength on input line 80.
LaTeX Info: Redefining \addtolength on input line 81.
\calc@Ccount=\count313
\calc@Cskip=\skip66
) (C:\Users\Maurizio\AppData\Local\Programs\MiKTeX\tex/latex/eso-pic\eso-pic.sty
Package: eso-pic 2020/10/14 v3.0a eso-pic (RN)
\ESO@tempdima=\dimen183
\ESO@tempdimb=\dimen184
 (C:\Users\Maurizio\AppData\Local\Programs\MiKTeX\tex/latex/xcolor\xcolor.sty
Package: xcolor 2021/10/31 v2.13 LaTeX color extensions (UK)
 (C:\Users\Maurizio\AppData\Local\Programs\MiKTeX\tex/latex/graphics-cfg\color.cfg
File: color.cfg 2016/01/02 v1.6 sample color configuration
)
Package xcolor Info: Driver file: pdftex.def on input line 227.
 (C:\Users\Maurizio\AppData\Local\Programs\MiKTeX\tex/latex/graphics-def\pdftex.def
File: pdftex.def 2020/10/05 v1.2a Graphics/color driver for pdftex
)
Package xcolor Info: Model `cmy' substituted by `cmy0' on input line 1352.
Package xcolor Info: Model `hsb' substituted by `rgb' on input line 1356.
Package xcolor Info: Model `RGB' extended on input line 1368.
Package xcolor Info: Model `HTML' substituted by `rgb' on input line 1370.
Package xcolor Info: Model `Hsb' substituted by `hsb' on input line 1371.
Package xcolor Info: Model `tHsb' substituted by `hsb' on input line 1372.
Package xcolor Info: Model `HSB' substituted by `hsb' on input line 1373.
Package xcolor Info: Model `Gray' substituted by `gray' on input line 1374.
Package xcolor Info: Model `wave' substituted by `hsb' on input line 1375.
)) (C:\Users\Maurizio\AppData\Local\Programs\MiKTeX\tex/latex/graphics\graphicx.sty
Package: graphicx 2021/09/16 v1.2d Enhanced LaTeX Graphics (DPC,SPQR)
 (C:\Users\Maurizio\AppData\Local\Programs\MiKTeX\tex/latex/graphics\graphics.sty
Package: graphics 2021/03/04 v1.4d Standard LaTeX Graphics (DPC,SPQR)
 (C:\Users\Maurizio\AppData\Local\Programs\MiKTeX\tex/latex/graphics\trig.sty
Package: trig 2021/08/11 v1.11 sin cos tan (DPC)
) (C:\Users\Maurizio\AppData\Local\Programs\MiKTeX\tex/latex/graphics-cfg\graphics.cfg
File: graphics.cfg 2016/06/04 v1.11 sample graphics configuration
)
Package graphics Info: Driver file: pdftex.def on input line 107.
)
\Gin@req@height=\dimen185
\Gin@req@width=\dimen186
)
\AM@pagewidth=\dimen187
\AM@pageheight=\dimen188
\AM@fboxrule=\dimen189
 (C:\Users\Maurizio\AppData\Local\Programs\MiKTeX\tex/latex/pdfpages\pppdftex.def
File: pppdftex.def 2022/01/29 v0.5u Pdfpages driver for pdfTeX (AM)
)
\pdfpages@includegraphics@status=\count314
\AM@pagebox=\box64
\AM@global@opts=\toks28
\AM@pagecnt=\count315
\AM@toc@title=\toks29
\c@AM@survey=\count316
\AM@templatesizebox=\box65
) (C:\Users\Maurizio\AppData\Local\Programs\MiKTeX\tex/latex/tools\multicol.sty
Package: multicol 2021/10/28 v1.9b multicolumn formatting (FMi)
\c@tracingmulticols=\count317
\mult@box=\box66
\multicol@leftmargin=\dimen190
\c@unbalance=\count318
\c@collectmore=\count319
\doublecol@number=\count320
\multicoltolerance=\count321
\multicolpretolerance=\count322
\full@width=\dimen191
\page@free=\dimen192
\premulticols=\dimen193
\postmulticols=\dimen194
\multicolsep=\skip67
\multicolbaselineskip=\skip68
\partial@page=\box67
\last@line=\box68
\maxbalancingoverflow=\dimen195
\mult@rightbox=\box69
\mult@grightbox=\box70
\mult@firstbox=\box71
\mult@gfirstbox=\box72
\@tempa=\box73
\@tempa=\box74
\@tempa=\box75
\@tempa=\box76
\@tempa=\box77
\@tempa=\box78
\@tempa=\box79
\@tempa=\box80
\@tempa=\box81
\@tempa=\box82
\@tempa=\box83
\@tempa=\box84
\@tempa=\box85
\@tempa=\box86
\@tempa=\box87
\@tempa=\box88
\@tempa=\box89
\@tempa=\box90
\@tempa=\box91
\@tempa=\box92
\@tempa=\box93
\@tempa=\box94
\@tempa=\box95
\@tempa=\box96
\@tempa=\box97
\@tempa=\box98
\@tempa=\box99
\@tempa=\box100
\@tempa=\box101
\@tempa=\box102
\@tempa=\box103
\@tempa=\box104
\@tempa=\box105
\@tempa=\box106
\@tempa=\box107
\@tempa=\box108
\c@minrows=\count323
\c@columnbadness=\count324
\c@finalcolumnbadness=\count325
\last@try=\dimen196
\multicolovershoot=\dimen197
\multicolundershoot=\dimen198
\mult@nat@firstbox=\box109
\colbreak@box=\box110
\mc@col@check@num=\count326
) (C:\Users\Maurizio\AppData\Local\Programs\MiKTeX\tex/latex/algorithm2e\algorithm2e.sty
Package: algorithm2e 2017/07/18 v5.2 algorithms environments
\c@AlgoLine=\count327
\algocf@hangindent=\skip69
 (C:\Users\Maurizio\AppData\Local\Programs\MiKTeX\tex/latex/ifoddpage\ifoddpage.sty
Package: ifoddpage 2016/04/23 v1.1 Conditionals for odd/even page detection
\c@checkoddpage=\count328
) (C:\Users\Maurizio\AppData\Local\Programs\MiKTeX\tex/latex/tools\xspace.sty
Package: xspace 2014/10/28 v1.13 Space after command names (DPC,MH)
) (C:\Users\Maurizio\AppData\Local\Programs\MiKTeX\tex/latex/relsize\relsize.sty
Package: relsize 2013/03/29 ver 4.1
)
\skiptotal=\skip70
\skiplinenumber=\skip71
\skiprule=\skip72
\skiphlne=\skip73
\skiptext=\skip74
\skiplength=\skip75
\algomargin=\skip76
\skipalgocfslide=\skip77
\algowidth=\dimen199
\inoutsize=\dimen256
\inoutindent=\dimen257
\interspacetitleruled=\dimen258
\interspacealgoruled=\dimen259
\interspacetitleboxruled=\dimen260
\algocf@ruledwidth=\skip78
\algocf@inoutbox=\box111
\algocf@inputbox=\box112
\AlCapSkip=\skip79
\AlCapHSkip=\skip80
\algoskipindent=\skip81
\algocf@nlbox=\box113
\algocf@hangingbox=\box114
\algocf@untilbox=\box115
\algocf@skipuntil=\skip82
\algocf@capbox=\box116
\algocf@lcaptionbox=\skip83
\algoheightruledefault=\skip84
\algoheightrule=\skip85
\algotitleheightruledefault=\skip86
\algotitleheightrule=\skip87
\c@algocfline=\count329
\c@algocfproc=\count330
\c@algocf=\count331
\algocf@algoframe=\box117
\algocf@algobox=\box118
) (C:\Users\Maurizio\AppData\Local\Programs\MiKTeX\tex/generic/soul\soul.sty
Package: soul 2003/11/17 v2.4 letterspacing/underlining (mf)
\SOUL@word=\toks30
\SOUL@lasttoken=\toks31
\SOUL@cmds=\toks32
\SOUL@buffer=\toks33
\SOUL@token=\toks34
\SOUL@spaceskip=\skip88
\SOUL@ttwidth=\dimen261
\SOUL@uldp=\dimen262
\SOUL@ulht=\dimen263
) (C:\Users\Maurizio\AppData\Local\Programs\MiKTeX\tex/latex/mhchem\mhchem.sty
Package: mhchem 2021/12/31 v4.09 for typesetting chemical formulae
 (C:\Users\Maurizio\AppData\Local\Programs\MiKTeX\tex/latex/chemgreek\chemgreek.sty (C:\Users\Maurizio\AppData\Local\Programs\MiKTeX\tex/latex/l3packages/xparse\xparse.sty
Package: xparse 2022-01-12 L3 Experimental document command parser
)
Package: chemgreek 2020/01/16 v1.1a interface for upright Greek letters for use in chemistry (CN)
\l__chemgreek_tmpa_int=\count332
\g__chemgreek_tmpa_int=\count333
)
\l__mhchem_ce_distanceFromLastComma_int=\count334
\__mhchem_arrow_extPgfLength_skip=\skip89
\mhchem@minispace@tmp=\skip90
\mhchem@minibackspace@tmp=\skip91
\mhchem@bondwidth=\skip92
\mhchem@bondheight=\skip93
\mhchem@smallbondwidth@tmpA=\skip94
\mhchem@smallbondwidth@tmpB=\skip95
\mhchem@smallbondwidth=\skip96
\mhchem@bondtmp@minussidebearingleft=\skip97
\mhchem@bondtmp@minussidebearingright=\skip98
\l__mhchem_option_version_int=\count335
\mhchem@option@minusmathsidebearingleft=\dimen264
\mhchem@option@minusmathsidebearingright=\dimen265
\mhchem@option@minustextsidebearingleft=\dimen266
\mhchem@option@minustextsidebearingright=\dimen267


Package mhchem Warning: You did not specify a 'version' option for the mhchem
(mhchem)                package. Please write \usepackage[version=4]{mhchem}
(mhchem)                in your preamble (or any lower number for
(mhchem)                compatibility mode), because you might get slightly
(mhchem)                different output with the same input in future versions.

) (C:\Users\Maurizio\AppData\Local\Programs\MiKTeX\tex/latex/appendix\appendix.sty
Package: appendix 2020/02/08 v1.2c extra appendix facilities
\c@@pps=\count336
\c@@ppsavesec=\count337
\c@@ppsaveapp=\count338
) (C:\Users\Maurizio\AppData\Local\Programs\MiKTeX\tex/latex/float\float.sty
Package: float 2001/11/08 v1.3d Float enhancements (AL)
\c@float@type=\count339
\float@exts=\toks35
\float@box=\box119
\@float@everytoks=\toks36
\@floatcapt=\box120
) (C:\Users\Maurizio\AppData\Local\Programs\MiKTeX\tex/latex/wrapfig\wrapfig.sty
\wrapoverhang=\dimen268
\WF@size=\dimen269
\c@WF@wrappedlines=\count340
\WF@box=\box121
\WF@everypar=\toks37
Package: wrapfig 2003/01/31  v 3.6
) (C:\Users\Maurizio\AppData\Local\Programs\MiKTeX\tex/latex/braket\braket.sty) (C:\Users\Maurizio\AppData\Local\Programs\MiKTeX\tex/latex/mathtools\mathtools.sty
Package: mathtools 2022/02/07 v1.28a mathematical typesetting tools
 (C:\Users\Maurizio\AppData\Local\Programs\MiKTeX\tex/latex/mathtools\mhsetup.sty
Package: mhsetup 2021/03/18 v1.4 programming setup (MH)
)
\g_MT_multlinerow_int=\count341
\l_MT_multwidth_dim=\dimen270
\origjot=\skip99
\l_MT_shortvdotswithinadjustabove_dim=\dimen271
\l_MT_shortvdotswithinadjustbelow_dim=\dimen272
\l_MT_above_intertext_sep=\dimen273
\l_MT_below_intertext_sep=\dimen274
\l_MT_above_shortintertext_sep=\dimen275
\l_MT_below_shortintertext_sep=\dimen276
\xmathstrut@box=\box122
\xmathstrut@dim=\dimen277
) (C:\Users\Maurizio\AppData\Local\Programs\MiKTeX\tex/latex/physics\physics.sty
Package: physics 
) (C:\Users\Maurizio\AppData\Local\Programs\MiKTeX\tex/latex/multirow\multirow.sty
Package: multirow 2021/03/15 v2.8 Span multiple rows of a table
\multirow@colwidth=\skip100
\multirow@cntb=\count342
\multirow@dima=\skip101
\bigstrutjot=\dimen278
) (C:\Users\Maurizio\AppData\Local\Programs\MiKTeX\tex/latex/adjustbox\adjustbox.sty
Package: adjustbox 2022/10/17 v1.3a Adjusting TeX boxes (trim, clip, ...)
 (C:\Users\Maurizio\AppData\Local\Programs\MiKTeX\tex/latex/xkeyval\xkeyval.sty
Package: xkeyval 2020/11/20 v2.8 package option processing (HA)
 (C:\Users\Maurizio\AppData\Local\Programs\MiKTeX\tex/generic/xkeyval\xkeyval.tex (C:\Users\Maurizio\AppData\Local\Programs\MiKTeX\tex/generic/xkeyval\xkvutils.tex
\XKV@toks=\toks38
\XKV@tempa@toks=\toks39
)
\XKV@depth=\count343
File: xkeyval.tex 2014/12/03 v2.7a key=value parser (HA)
)) (C:\Users\Maurizio\AppData\Local\Programs\MiKTeX\tex/latex/adjustbox\adjcalc.sty
Package: adjcalc 2012/05/16 v1.1 Provides advanced setlength with multiple back-ends (calc, etex, pgfmath)
) (C:\Users\Maurizio\AppData\Local\Programs\MiKTeX\tex/latex/adjustbox\trimclip.sty
Package: trimclip 2020/08/19 v1.2 Trim and clip general TeX material
 (C:\Users\Maurizio\AppData\Local\Programs\MiKTeX\tex/latex/collectbox\collectbox.sty
Package: collectbox 2022/10/17 v0.4c Collect macro arguments as boxes
\collectedbox=\box123
)
\tc@llx=\dimen279
\tc@lly=\dimen280
\tc@urx=\dimen281
\tc@ury=\dimen282
Package trimclip Info: Using driver 'tc-pdftex.def'.
 (C:\Users\Maurizio\AppData\Local\Programs\MiKTeX\tex/latex/adjustbox\tc-pdftex.def
File: tc-pdftex.def 2019/01/04 v2.2 Clipping driver for pdftex
))
\adjbox@Width=\dimen283
\adjbox@Height=\dimen284
\adjbox@Depth=\dimen285
\adjbox@Totalheight=\dimen286
\adjbox@pwidth=\dimen287
\adjbox@pheight=\dimen288
\adjbox@pdepth=\dimen289
\adjbox@ptotalheight=\dimen290
 (C:\Users\Maurizio\AppData\Local\Programs\MiKTeX\tex/latex/varwidth\varwidth.sty
Package: varwidth 2009/03/30 ver 0.92;  Variable-width minipages
\@vwid@box=\box124
\sift@deathcycles=\count344
\@vwid@loff=\dimen291
\@vwid@roff=\dimen292
))) (principal.aux

LaTeX Warning: Label `fig:rmsd' multiply defined.


LaTeX Warning: Label `fig:dendrogram' multiply defined.

)
\openout1 = `principal.aux'.

LaTeX Font Info:    Checking defaults for OML/cmm/m/it on input line 14.
LaTeX Font Info:    ... okay on input line 14.
LaTeX Font Info:    Checking defaults for OMS/cmsy/m/n on input line 14.
LaTeX Font Info:    ... okay on input line 14.
LaTeX Font Info:    Checking defaults for OT1/cmr/m/n on input line 14.
LaTeX Font Info:    ... okay on input line 14.
LaTeX Font Info:    Checking defaults for T1/cmr/m/n on input line 14.
LaTeX Font Info:    ... okay on input line 14.
LaTeX Font Info:    Checking defaults for TS1/cmr/m/n on input line 14.
LaTeX Font Info:    ... okay on input line 14.
LaTeX Font Info:    Checking defaults for OMX/cmex/m/n on input line 14.
LaTeX Font Info:    ... okay on input line 14.
LaTeX Font Info:    Checking defaults for U/cmr/m/n on input line 14.
LaTeX Font Info:    ... okay on input line 14.
LaTeX Font Info:    Checking defaults for PD1/pdf/m/n on input line 14.
LaTeX Font Info:    ... okay on input line 14.
LaTeX Font Info:    Checking defaults for PU/pdf/m/n on input line 14.
LaTeX Font Info:    ... okay on input line 14.

*geometry* driver: auto-detecting
*geometry* detected driver: pdftex
*geometry* verbose mode - [ preamble ] result:
* driver: pdftex
* paper: a4paper
* layout: <same size as paper>
* layoutoffset:(h,v)=(0.0pt,0.0pt)
* modes: 
* h-part:(L,W,R)=(81.94394pt, 433.62pt, 81.94394pt)
* v-part:(T,H,B)=(106.75473pt, 578.15999pt, 160.13213pt)
* \paperwidth=597.50787pt
* \paperheight=845.04684pt
* \textwidth=433.62pt
* \textheight=578.15999pt
* \oddsidemargin=9.67395pt
* \evensidemargin=9.67395pt
* \topmargin=4.41725pt
* \headheight=12.0pt
* \headsep=18.06749pt
* \topskip=10.0pt
* \footskip=25.29494pt
* \marginparwidth=69.0pt
* \marginparsep=7.0pt
* \columnsep=10.0pt
* \skip\footins=9.0pt plus 4.0pt minus 2.0pt
* \hoffset=0.0pt
* \voffset=0.0pt
* \mag=1000
* \@twocolumnfalse
* \@twosidefalse
* \@mparswitchfalse
* \@reversemarginfalse
* (1in=72.27pt=25.4mm, 1cm=28.453pt)

\c@lstlisting=\count345
Package hyperref Info: Link coloring OFF on input line 14.
(C:\Users\Maurizio\AppData\Local\Programs\MiKTeX\tex/latex/hyperref\nameref.sty
Package: nameref 2021-04-02 v2.47 Cross-referencing by name of section
 (C:\Users\Maurizio\AppData\Local\Programs\MiKTeX\tex/latex/refcount\refcount.sty
Package: refcount 2019/12/15 v3.6 Data extraction from label references (HO)
) (C:\Users\Maurizio\AppData\Local\Programs\MiKTeX\tex/generic/gettitlestring\gettitlestring.sty
Package: gettitlestring 2019/12/15 v1.6 Cleanup title references (HO)
)
\c@section@level=\count346
)
LaTeX Info: Redefining \ref on input line 14.
LaTeX Info: Redefining \pageref on input line 14.
LaTeX Info: Redefining \nameref on input line 14.
 (principal.out) (principal.out)
\@outlinefile=\write3
\openout3 = `principal.out'.



Package siunitx Warning: Detected the "physics" package:
(siunitx)                omitting definition of \qty.
(siunitx)                
(siunitx)                If you want to use \qty with the siunitx definition,
(siunitx)                add 
(siunitx)                
(siunitx)                    \AtBeginDocument{\RenewCommandCopy\qty\SI}
(siunitx)                
(siunitx)                to your preamble.

(C:\Users\Maurizio\AppData\Local\Programs\MiKTeX\tex/latex/translations/dicts\translations-basic-dictionary-english.trsl
File: translations-basic-dictionary-english.trsl (english translation file `translations-basic-dictionary')
)
Package translations Info: loading dictionary `translations-basic-dictionary' for `english'. on input line 14.
Package caption Info: Begin \AtBeginDocument code.
Package caption Info: float package is loaded.
Package caption Info: wrapfig package is loaded.
Package caption Info: End \AtBeginDocument code.
 (C:\Users\Maurizio\AppData\Local\Programs\MiKTeX\tex/context/base/mkii\supp-pdf.mkii
[Loading MPS to PDF converter (version 2006.09.02).]
\scratchcounter=\count347
\scratchdimen=\dimen293
\scratchbox=\box125
\nofMPsegments=\count348
\nofMParguments=\count349
\everyMPshowfont=\toks40
\MPscratchCnt=\count350
\MPscratchDim=\dimen294
\MPnumerator=\count351
\makeMPintoPDFobject=\count352
\everyMPtoPDFconversion=\toks41
) (C:\Users\Maurizio\AppData\Local\Programs\MiKTeX\tex/latex/epstopdf-pkg\epstopdf-base.sty
Package: epstopdf-base 2020-01-24 v2.11 Base part for package epstopdf
Package epstopdf-base Info: Redefining graphics rule for `.eps' on input line 485.
 (C:\Users\Maurizio\AppData\Local\Programs\MiKTeX\tex/latex/00miktex\epstopdf-sys.cfg
File: epstopdf-sys.cfg 2021/03/18 v2.0 Configuration of epstopdf for MiKTeX
)) (C:\Users\Maurizio\AppData\Local\Programs\MiKTeX\tex/latex/pdflscape\pdflscape.sty
Package: pdflscape 2019/12/05 v0.12 Display of landscape pages in PDF (HO)
 (C:\Users\Maurizio\AppData\Local\Programs\MiKTeX\tex/latex/graphics\lscape.sty
Package: lscape 2020/05/28 v3.02 Landscape Pages (DPC)
)
Package pdflscape Info: Auto-detected driver: pdftex on input line 81.
)

Package chemgreek Info: Activating mapping `default' on line 14.

LaTeX Font Info:    Trying to load font information for U+msa on input line 17.
 (C:\Users\Maurizio\AppData\Local\Programs\MiKTeX\tex/latex/amsfonts\umsa.fd
File: umsa.fd 2013/01/14 v3.01 AMS symbols A
)
LaTeX Font Info:    Trying to load font information for U+msb on input line 17.
 (C:\Users\Maurizio\AppData\Local\Programs\MiKTeX\tex/latex/amsfonts\umsb.fd
File: umsb.fd 2013/01/14 v3.01 AMS symbols B
) [1


{C:/Users/Maurizio/AppData/Local/MiKTeX/fonts/map/pdftex/pdftex.map}] (principal.toc
pdfTeX warning (ext4): destination with the same identifier (name{page.1}) has been already used, duplicate ignored
<to be read again> 
                   \relax 
l.42 ...}Point like charges}{29}{subsection.3.6.1}
                                                  % [1

] [2] [3] [4] [5] [6])
\tf@toc=\write4
\openout4 = `principal.toc'.

 [7] [8

] (chapters/01/intro-proteins.tex
Chapter 1.
[9

]) (chapters/02/protein-geometry.tex [10]
Chapter 2.
<chapters/02/images//planar.png, id=1476, 1316.92pt x 629.35126pt>
File: chapters/02/images//planar.png Graphic file (type png)
<use chapters/02/images//planar.png>
Package pdftex.def Info: chapters/02/images//planar.png  used on input line 16.
(pdftex.def)             Requested size: 433.62pt x 207.2256pt.
[11

]
<chapters/02/images//potential.png, id=1483, 725.71124pt x 623.32875pt>
File: chapters/02/images//potential.png Graphic file (type png)
<use chapters/02/images//potential.png>
Package pdftex.def Info: chapters/02/images//potential.png  used on input line 40.
(pdftex.def)             Requested size: 216.81pt x 186.22014pt.
 [12 <./chapters/02/images//planar.png>]

Package siunitx Warning: Unit macro \angstrom has been deprecated in this
(siunitx)                release.
(siunitx)                
(siunitx)                The BIPM have removed this unit from the SI Brochure.
(siunitx)                You should define it yourself using \DeclareSIUnit in
(siunitx)                your source. The current definition is
(siunitx)                
(siunitx)                \DeclareSIUnit\angstrom{\text {Å}}

[13 <./chapters/02/images//potential.png>]
<chapters/02/images//rama_map.png, id=1504, 1116.17pt x 743.77875pt>
File: chapters/02/images//rama_map.png Graphic file (type png)
<use chapters/02/images//rama_map.png>
Package pdftex.def Info: chapters/02/images//rama_map.png  used on input line 99.
(pdftex.def)             Requested size: 334.85358pt x 223.13535pt.
<chapters/02/images//ramachandran-complex.png, id=1506, 659.46375pt x 413.545pt>
File: chapters/02/images//ramachandran-complex.png Graphic file (type png)
<use chapters/02/images//ramachandran-complex.png>
Package pdftex.def Info: chapters/02/images//ramachandran-complex.png  used on input line 109.
(pdftex.def)             Requested size: 197.84064pt x 124.06445pt.
 [14 <./chapters/02/images//rama_map.png>]
<chapters/02/images//ala-gly-theo.png, id=1518, 652.4375pt x 376.40625pt>
File: chapters/02/images//ala-gly-theo.png Graphic file (type png)
<use chapters/02/images//ala-gly-theo.png>
Package pdftex.def Info: chapters/02/images//ala-gly-theo.png  used on input line 118.
(pdftex.def)             Requested size: 195.73276pt x 112.92273pt.
<chapters/02/images//ramachandran-final.png, id=1520, 602.25pt x 365.365pt>
File: chapters/02/images//ramachandran-final.png Graphic file (type png)
<use chapters/02/images//ramachandran-final.png>
Package pdftex.def Info: chapters/02/images//ramachandran-final.png  used on input line 129.
(pdftex.def)             Requested size: 180.67639pt x 109.61034pt.
 [15 <./chapters/02/images//ramachandran-complex.png> <./chapters/02/images//ala-gly-theo.png> <./chapters/02/images//ramachandran-final.png>]
<chapters/02/images//ala_gly.png, id=1532, 1370.11874pt x 653.44125pt>
File: chapters/02/images//ala_gly.png Graphic file (type png)
<use chapters/02/images//ala_gly.png>
Package pdftex.def Info: chapters/02/images//ala_gly.png  used on input line 143.
(pdftex.def)             Requested size: 433.62pt x 206.80223pt.
<chapters/02/images//contact.png, id=1534, 1340.00626pt x 849.1725pt>
File: chapters/02/images//contact.png Graphic file (type png)
<use chapters/02/images//contact.png>
Package pdftex.def Info: chapters/02/images//contact.png  used on input line 170.
(pdftex.def)             Requested size: 433.62pt x 274.78572pt.
 [16 <./chapters/02/images//ala_gly.png>]
<chapters/02/images//topology.png, id=1543, 1514.65875pt x 778.91pt>
File: chapters/02/images//topology.png Graphic file (type png)
<use chapters/02/images//topology.png>
Package pdftex.def Info: chapters/02/images//topology.png  used on input line 193.
(pdftex.def)             Requested size: 433.62pt x 222.99pt.
 [17 <./chapters/02/images//contact.png>] [18 <./chapters/02/images//topology.png>] [19]
<chapters/02/images//rmsd.png, id=1560, 1161.33875pt x 809.0225pt>
File: chapters/02/images//rmsd.png Graphic file (type png)
<use chapters/02/images//rmsd.png>
Package pdftex.def Info: chapters/02/images//rmsd.png  used on input line 268.
(pdftex.def)             Requested size: 348.40431pt x 242.70862pt.
 [20 <./chapters/02/images//rmsd.png>]) (chapters/03/force-fields.tex [21]
Chapter 3.
[22

]
<chapters/03/images//chem-bond.png, id=1577, 311.1625pt x 280.04625pt>
File: chapters/03/images//chem-bond.png Graphic file (type png)
<use chapters/03/images//chem-bond.png>
Package pdftex.def Info: chapters/03/images//chem-bond.png  used on input line 50.
(pdftex.def)             Requested size: 216.81pt x 195.12938pt.
 [23 <./chapters/03/images//chem-bond.png>]
<chapters/03/images//valence-angle-bending.png, id=1586, 285.065pt x 270.00874pt>
File: chapters/03/images//valence-angle-bending.png Graphic file (type png)
<use chapters/03/images//valence-angle-bending.png>
Package pdftex.def Info: chapters/03/images//valence-angle-bending.png  used on input line 109.
(pdftex.def)             Requested size: 130.08731pt x 123.21672pt.
 [24]
<chapters/03/images//torsions.png, id=1600, 822.07124pt x 327.2225pt>
File: chapters/03/images//torsions.png Graphic file (type png)
<use chapters/03/images//torsions.png>
Package pdftex.def Info: chapters/03/images//torsions.png  used on input line 144.
(pdftex.def)             Requested size: 433.62pt x 172.59825pt.
 [25 <./chapters/03/images//valence-angle-bending.png>]
<chapters/03/images//improper-torsions.png, id=1608, 814.04124pt x 231.86626pt>
File: chapters/03/images//improper-torsions.png Graphic file (type png)
<use chapters/03/images//improper-torsions.png>
Package pdftex.def Info: chapters/03/images//improper-torsions.png  used on input line 164.
(pdftex.def)             Requested size: 433.62pt x 123.50766pt.
 [26 <./chapters/03/images//torsions.png> <./chapters/03/images//improper-torsions.png>]
<chapters/03/images//van-der-waals.png, id=1617, 554.07pt x 414.54875pt>
File: chapters/03/images//van-der-waals.png Graphic file (type png)
<use chapters/03/images//van-der-waals.png>
Package pdftex.def Info: chapters/03/images//van-der-waals.png  used on input line 200.
(pdftex.def)             Requested size: 216.81pt x 162.21101pt.
 [27 <./chapters/03/images//van-der-waals.png>] [28]
<chapters/03/images//dipolar-interactions.png, id=1630, 779.91376pt x 319.1925pt>
File: chapters/03/images//dipolar-interactions.png Graphic file (type png)
<use chapters/03/images//dipolar-interactions.png>
Package pdftex.def Info: chapters/03/images//dipolar-interactions.png  used on input line 279.
(pdftex.def)             Requested size: 433.62pt x 177.46564pt.
 [29 <./chapters/03/images//dipolar-interactions.png>] [30] [31] [32]) (chapters/04/classical-mechanics.tex [33]
Chapter 4.
[34

] [35] [36] [37] [38] [39] [40] [41] [42]) (chapters/05/foundations-statistical-mechanics.tex [43]
Chapter 5.
[44

] [45] [46] [47] [48] [49] [50]) (chapters/06/microcanonical-ensemble.tex [51]
Chapter 6.
[52

]
Overfull \hbox (14.66551pt too wide) in paragraph at lines 71--78
\T1/cmr/m/n/10 The prob-lem in the mi-cro-canon-i-cal en-sem-ble is to find $\OML/cmm/m/it/10 S$\T1/cmr/m/n/10 . Con-sid-er-ing Boltz-mann's re-la-tion $\OML/cmm/m/it/10 S\OT1/cmr/m/n/10 (\OML/cmm/m/it/10 N; V; E\OT1/cmr/m/n/10 ) =
 []


Package fancyhdr Warning: \headheight is too small (12.0pt): 
(fancyhdr)                Make it at least 22.48724pt, for example:
(fancyhdr)                \setlength{\headheight}{22.48724pt}.
(fancyhdr)                You might also make \topmargin smaller to compensate:
(fancyhdr)                \addtolength{\topmargin}{-10.48724pt}.

[53] [54] [55] [56] [57] [58] [59]) (chapters/07/molecular-dynamics.tex [60]
Chapter 7.
[61

] [62] [63] [64] [65] [66] [67] [68]) (chapters/08/direct-translation.tex [69]
Chapter 8.
[70

] [71]

Package hyperref Warning: Token not allowed in a PDF string (Unicode):
(hyperref)                removing `math shift' on input line 86.


Package hyperref Warning: Token not allowed in a PDF string (Unicode):
(hyperref)                removing `\Delta' on input line 86.


Package hyperref Warning: Token not allowed in a PDF string (Unicode):
(hyperref)                removing `\begingroup' on input line 86.


Package hyperref Warning: Token not allowed in a PDF string (Unicode):
(hyperref)                removing `\endgroup' on input line 86.


Package hyperref Warning: Token not allowed in a PDF string (Unicode):
(hyperref)                removing `\@@over' on input line 86.


Package hyperref Warning: Token not allowed in a PDF string (Unicode):
(hyperref)                removing `math shift' on input line 86.

[72] [73] [74]
Overfull \hbox (4.16992pt too wide) detected at line 219
[]
 []

[75]) (chapters/09/evaluation-energy-forces.tex [76]
Chapter 9.
[77

] [78] [79] [80] [81] [82]
Underfull \hbox (badness 6220) in paragraph at lines 247--248
[]\T1/cmr/m/n/10 Maxwell equa-tion molec-u-lar dy-nam-ics
 []

) (chapters/10/canonical-ensemble.tex [83]
Chapter 10.
[84

] [85] [86] [87] [88]
Overfull \hbox (37.06064pt too wide) detected at line 234
[]
 []

[89]) (chapters/11/thermostats.tex [90]
Chapter 11.
[91

] [92] [93] [94]

Package fancyhdr Warning: \headheight is too small (12.0pt): 
(fancyhdr)                Make it at least 12.1638pt, for example:
(fancyhdr)                \setlength{\headheight}{12.1638pt}.
(fancyhdr)                You might also make \topmargin smaller to compensate:
(fancyhdr)                \addtolength{\topmargin}{-0.1638pt}.

[95]

Package fancyhdr Warning: \headheight is too small (12.0pt): 
(fancyhdr)                Make it at least 12.1638pt, for example:
(fancyhdr)                \setlength{\headheight}{12.1638pt}.
(fancyhdr)                You might also make \topmargin smaller to compensate:
(fancyhdr)                \addtolength{\topmargin}{-0.1638pt}.

[96]

Package fancyhdr Warning: \headheight is too small (12.0pt): 
(fancyhdr)                Make it at least 12.1638pt, for example:
(fancyhdr)                \setlength{\headheight}{12.1638pt}.
(fancyhdr)                You might also make \topmargin smaller to compensate:
(fancyhdr)                \addtolength{\topmargin}{-0.1638pt}.

[97] [98] [99] [100] [101]
Overfull \hbox (45.26915pt too wide) detected at line 502
\OML/cmm/m/it/10 ^^N[]\OMS/cmsy/m/n/10 H\OT1/cmr/m/n/10 ([]\OML/cmm/m/it/10 ; []\OT1/cmr/m/n/10 ) + [] [] + \OML/cmm/m/it/10 dNkT^^Q[] \OT1/cmr/m/n/10 + \OML/cmm/m/it/10 kT^^Q[] \OMS/cmsy/m/n/10 ^^@ \OML/cmm/m/it/10 C[][] \OT1/cmr/m/n/10 = []\OML/cmm/m/it/10 ^^N\OT1/cmr/m/n/10 (\OML/cmm/m/it/10 ^^Q[] \OMS/cmsy/m/n/10 ^^@ \OML/cmm/m/it/10 ^^Q[]\OT1/cmr/m/n/10 ) \OML/cmm/m/it/10 ^^Q[] \OT1/cmr/m/n/10 = [][]\OML/cmm/m/it/10 C[] \OMS/cmsy/m/n/10 ^^@ H\OT1/cmr/m/n/10 ([]\OML/cmm/m/it/10 ; []\OT1/cmr/m/n/10 ) \OMS/cmsy/m/n/10 ^^@ [] [] ^^@ \OML/cmm/m/it/10 kT^^Q[][]
 []

[102]) (chapters/12/isobaric-ensembles.tex [103]
Chapter 12.
[104

] [105]

Package caption Warning: \label without proper reference on input line 118.
See the caption package documentation for explanation.


LaTeX Warning: Reference `fig:isobar' on page 106 undefined on input line 113.

<chapters/12/images//isobar.png, id=2011, 513.92pt x 486.81876pt>
File: chapters/12/images//isobar.png Graphic file (type png)
<use chapters/12/images//isobar.png>
Package pdftex.def Info: chapters/12/images//isobar.png  used on input line 117.
(pdftex.def)             Requested size: 205.56435pt x 194.72404pt.

Overfull \hbox (8.67249pt too wide) detected at line 135
\OML/cmm/m/it/10 Q\OT1/cmr/m/n/10 (\OML/cmm/m/it/10 N; V; T\OT1/cmr/m/n/10 ) = \OML/cmm/m/it/10 C[] [] dx[]dx[]e[] \OT1/cmr/m/n/10 = \OML/cmm/m/it/10 g\OT1/cmr/m/n/10 (\OML/cmm/m/it/10 N; N[]; N[]\OT1/cmr/m/n/10 )\OML/cmm/m/it/10 C[] [] dx[]e[]C[] [] dx[]e[]
 []

[106]
Overfull \hbox (19.63513pt too wide) detected at line 150
\OML/cmm/m/it/10 f\OT1/cmr/m/n/10 (\OML/cmm/m/it/10 x[]\OT1/cmr/m/n/10 ) = []\OML/cmm/m/it/10 C[]e[]C[] [] dx[]e[] \OT1/cmr/m/n/10 = []\OML/cmm/m/it/10 g\OT1/cmr/m/n/10 (\OML/cmm/m/it/10 N; N[]; N[]\OT1/cmr/m/n/10 )\OML/cmm/m/it/10 C[]e[]
 []

[107 <./chapters/12/images//isobar.png>]
Overfull \hbox (18.27873pt too wide) detected at line 191
\OMS/cmsy/m/n/10 h\OML/cmm/m/it/10 E \OT1/cmr/m/n/10 + \OML/cmm/m/it/10 PV\OMS/cmsy/m/n/10 i \OT1/cmr/m/n/10 = [] = \OMS/cmsy/m/n/10 ^^@[][] \OT1/cmr/m/n/10 = \OMS/cmsy/m/n/10 ^^@[]
 []

[108]
<chapters/12/images//maxwell_square.png, id=2028, 594.22pt x 585.18625pt>
File: chapters/12/images//maxwell_square.png Graphic file (type png)
<use chapters/12/images//maxwell_square.png>
Package pdftex.def Info: chapters/12/images//maxwell_square.png  used on input line 240.
(pdftex.def)             Requested size: 59.42548pt x 58.52205pt.
 [109 <./chapters/12/images//maxwell_square.png>] [110] [111] [112]) (chapters/13/grand-canonical-ensemble.tex [113]
Chapter 13.
[114

] [115]
<chapters/13/images//grand.png, id=2061, 521.95pt x 486.81876pt>
File: chapters/13/images//grand.png Graphic file (type png)
<use chapters/13/images//grand.png>
Package pdftex.def Info: chapters/13/images//grand.png  used on input line 82.
(pdftex.def)             Requested size: 260.97435pt x 243.40878pt.

Overfull \hbox (32.25241pt too wide) detected at line 102
\OML/cmm/m/it/10 Q\OT1/cmr/m/n/10 (\OML/cmm/m/it/10 N; V; T\OT1/cmr/m/n/10 ) = [][] [] \OML/cmm/m/it/10 dx[]e[][] [] dx[] \OT1/cmr/m/n/10 = []\OML/cmm/m/it/10 Q[]\OT1/cmr/m/n/10 (\OML/cmm/m/it/10 N[]; V[]; T\OT1/cmr/m/n/10 )\OML/cmm/m/it/10 Q[]\OT1/cmr/m/n/10 (\OML/cmm/m/it/10 N[]; V[]; T\OT1/cmr/m/n/10 )
 []

[116 <./chapters/13/images//grand.png>] [117] [118] [119]) (chapters/14/uncertainties-sampling-quality.tex [120]
Chapter 14.
[121

] [122]
<chapters/14/images//time-scales.png, id=2101, 567.11874pt x 400.49625pt>
File: chapters/14/images//time-scales.png Graphic file (type png)
<use chapters/14/images//time-scales.png>
Package pdftex.def Info: chapters/14/images//time-scales.png  used on input line 67.
(pdftex.def)             Requested size: 226.84348pt x 160.19566pt.
 [123 <./chapters/14/images//time-scales.png>]
Underfull \hbox (badness 5359) in paragraph at lines 99--102
[]\T1/cmr/m/n/10 Configurational dis-tance mea-sures like
 []

<chapters/14/images//rmsd.png, id=2110, 481.8pt x 464.73625pt>
File: chapters/14/images//rmsd.png Graphic file (type png)
<use chapters/14/images//rmsd.png>
Package pdftex.def Info: chapters/14/images//rmsd.png  used on input line 113.
(pdftex.def)             Requested size: 195.12767pt x 188.21715pt.
<chapters/14/images//all-to-all-rmsd.png, id=2111, 555.07375pt x 492.84125pt>
File: chapters/14/images//all-to-all-rmsd.png Graphic file (type png)
<use chapters/14/images//all-to-all-rmsd.png>
Package pdftex.def Info: chapters/14/images//all-to-all-rmsd.png  used on input line 121.
(pdftex.def)             Requested size: 195.12767pt x 173.24902pt.
<chapters/14/images//qualitative-behaviour.png, id=2114, 520.94624pt x 398.48875pt>
File: chapters/14/images//qualitative-behaviour.png Graphic file (type png)
<use chapters/14/images//qualitative-behaviour.png>
Package pdftex.def Info: chapters/14/images//qualitative-behaviour.png  used on input line 138.
(pdftex.def)             Requested size: 260.47249pt x 199.24388pt.
[124 <./chapters/14/images//rmsd.png> <./chapters/14/images//all-to-all-rmsd.png>] [125 <./chapters/14/images//qualitative-behaviour.png>]
<chapters/14/images//independent-simulations.png, id=2133, 539.01375pt x 515.9275pt>
File: chapters/14/images//independent-simulations.png Graphic file (type png)
<use chapters/14/images//independent-simulations.png>
Package pdftex.def Info: chapters/14/images//independent-simulations.png  used on input line 183.
(pdftex.def)             Requested size: 215.60167pt x 206.36734pt.
<chapters/14/images//equilibration.png, id=2135, 530.98375pt x 374.39874pt>
File: chapters/14/images//equilibration.png Graphic file (type png)
<use chapters/14/images//equilibration.png>
Package pdftex.def Info: chapters/14/images//equilibration.png  used on input line 193.
(pdftex.def)             Requested size: 265.49121pt x 187.19891pt.
 [126 <./chapters/14/images//independent-simulations.png>]
<chapters/14/images//equilibration-production.png, id=2146, 630.355pt x 367.3725pt>
File: chapters/14/images//equilibration-production.png Graphic file (type png)
<use chapters/14/images//equilibration-production.png>
Package pdftex.def Info: chapters/14/images//equilibration-production.png  used on input line 205.
(pdftex.def)             Requested size: 315.17673pt x 183.68579pt.
 [127 <./chapters/14/images//equilibration.png> <./chapters/14/images//equilibration-production.png>]
Overfull \hbox (1.92308pt too wide) detected at line 232
[] \OMS/cmsy/m/n/10 ! []
 []

[128]
<chapters/14/images//autocorrelation-time.png, id=2163, 545.03625pt x 361.35pt>
File: chapters/14/images//autocorrelation-time.png Graphic file (type png)
<use chapters/14/images//autocorrelation-time.png>
Package pdftex.def Info: chapters/14/images//autocorrelation-time.png  used on input line 274.
(pdftex.def)             Requested size: 327.02428pt x 216.81168pt.
 [129] [130 <./chapters/14/images//autocorrelation-time.png>]
<chapters/14/images//block-length.png, id=2174, 726.715pt x 533.995pt>
File: chapters/14/images//block-length.png Graphic file (type png)
<use chapters/14/images//block-length.png>
Package pdftex.def Info: chapters/14/images//block-length.png  used on input line 309.
(pdftex.def)             Requested size: 195.12767pt x 143.38206pt.
<chapters/14/images//bse.png, id=2175, 738.76pt x 529.98pt>
File: chapters/14/images//bse.png Graphic file (type png)
<use chapters/14/images//bse.png>
Package pdftex.def Info: chapters/14/images//bse.png  used on input line 317.
(pdftex.def)             Requested size: 195.12767pt x 139.98308pt.
) (chapters/15/protein-motions.tex [131 <./chapters/14/images//block-length.png> <./chapters/14/images//bse.png>]
Chapter 15.
<chapters/15/images//enm-theory.png, id=2184, 331.2375pt x 264.99pt>
File: chapters/15/images//enm-theory.png Graphic file (type png)
<use chapters/15/images//enm-theory.png>
Package pdftex.def Info: chapters/15/images//enm-theory.png  used on input line 10.
(pdftex.def)             Requested size: 165.61833pt x 132.49467pt.
[132

 <./chapters/15/images//enm-theory.png>]
<chapters/15/images//kirchoff-adjacency-matrix.png, id=2193, 628.3475pt x 259.97125pt>
File: chapters/15/images//kirchoff-adjacency-matrix.png Graphic file (type png)
<use chapters/15/images//kirchoff-adjacency-matrix.png>
Package pdftex.def Info: chapters/15/images//kirchoff-adjacency-matrix.png  used on input line 52.
(pdftex.def)             Requested size: 433.62pt x 179.40414pt.
 [133 <./chapters/15/images//kirchoff-adjacency-matrix.png>]
<chapters/15/images//gnm-b-factors.png, id=2201, 532.99126pt x 384.43625pt>
File: chapters/15/images//gnm-b-factors.png Graphic file (type png)
<use chapters/15/images//gnm-b-factors.png>
Package pdftex.def Info: chapters/15/images//gnm-b-factors.png  used on input line 95.
(pdftex.def)             Requested size: 433.62pt x 312.77016pt.
 [134]
<chapters/15/images//biological-relevance.png, id=2210, 720.6925pt x 453.695pt>
File: chapters/15/images//biological-relevance.png Graphic file (type png)
<use chapters/15/images//biological-relevance.png>
Package pdftex.def Info: chapters/15/images//biological-relevance.png  used on input line 106.
(pdftex.def)             Requested size: 433.62pt x 272.97368pt.
 [135 <./chapters/15/images//gnm-b-factors.png>] [136 <./chapters/15/images//biological-relevance.png>]
<chapters/15/images//asm-correlated-motion.png, id=2224, 684.5575pt x 351.3125pt>
File: chapters/15/images//asm-correlated-motion.png Graphic file (type png)
<use chapters/15/images//asm-correlated-motion.png>
Package pdftex.def Info: chapters/15/images//asm-correlated-motion.png  used on input line 157.
(pdftex.def)             Requested size: 433.62pt x 222.53954pt.
 [137] [138 <./chapters/15/images//asm-correlated-motion.png>]
<chapters/15/images//eigenvalue-scree-plot.png, id=2238, 544.0325pt x 423.5825pt>
File: chapters/15/images//eigenvalue-scree-plot.png Graphic file (type png)
<use chapters/15/images//eigenvalue-scree-plot.png>
Package pdftex.def Info: chapters/15/images//eigenvalue-scree-plot.png  used on input line 216.
(pdftex.def)             Requested size: 272.01558pt x 211.79073pt.
 [139]
<chapters/15/images//eigenvalue-collectivity.png, id=2251, 637.38126pt x 269.005pt>
File: chapters/15/images//eigenvalue-collectivity.png Graphic file (type png)
<use chapters/15/images//eigenvalue-collectivity.png>
Package pdftex.def Info: chapters/15/images//eigenvalue-collectivity.png  used on input line 226.
(pdftex.def)             Requested size: 254.94798pt x 107.60008pt.
<chapters/15/images//weighted-rmsd.png, id=2253, 540.0175pt x 247.92625pt>
File: chapters/15/images//weighted-rmsd.png Graphic file (type png)
<use chapters/15/images//weighted-rmsd.png>
Package pdftex.def Info: chapters/15/images//weighted-rmsd.png  used on input line 237.
(pdftex.def)             Requested size: 216.00316pt x 99.16873pt.
 [140 <./chapters/15/images//eigenvalue-scree-plot.png> <./chapters/15/images//eigenvalue-collectivity.png>]
<chapters/15/images//scatter-plot-pcs-modes.png, id=2266, 623.32875pt x 434.62375pt>
File: chapters/15/images//scatter-plot-pcs-modes.png Graphic file (type png)
<use chapters/15/images//scatter-plot-pcs-modes.png>
Package pdftex.def Info: chapters/15/images//scatter-plot-pcs-modes.png  used on input line 251.
(pdftex.def)             Requested size: 249.32707pt x 173.8464pt.
<chapters/15/images//scatter-plot-pcs.png, id=2268, 770.88pt x 450.68375pt>
File: chapters/15/images//scatter-plot-pcs.png Graphic file (type png)
<use chapters/15/images//scatter-plot-pcs.png>
Package pdftex.def Info: chapters/15/images//scatter-plot-pcs.png  used on input line 259.
(pdftex.def)             Requested size: 433.62pt x 253.50897pt.
 [141 <./chapters/15/images//weighted-rmsd.png> <./chapters/15/images//scatter-plot-pcs-modes.png>]
<chapters/15/images//cosine-content.png, id=2279, 415.5525pt x 330.23375pt>
File: chapters/15/images//cosine-content.png Graphic file (type png)
<use chapters/15/images//cosine-content.png>
Package pdftex.def Info: chapters/15/images//cosine-content.png  used on input line 277.
(pdftex.def)             Requested size: 249.33342pt x 198.14177pt.
 [142 <./chapters/15/images//scatter-plot-pcs.png>]) (chapters/16/clustering-protein-structure-networks.tex [143 <./chapters/15/images//cosine-content.png>]
Chapter 16.
[144

]
<chapters/16/images//dendrogram.png, id=2299, 421.575pt x 179.67125pt>
File: chapters/16/images//dendrogram.png Graphic file (type png)
<use chapters/16/images//dendrogram.png>
Package pdftex.def Info: chapters/16/images//dendrogram.png  used on input line 68.
(pdftex.def)             Requested size: 433.62pt x 184.80847pt.
<chapters/16/images//correct-number.png, id=2300, 814.04124pt x 448.67625pt>
File: chapters/16/images//correct-number.png Graphic file (type png)
<use chapters/16/images//correct-number.png>
Package pdftex.def Info: chapters/16/images//correct-number.png  used on input line 83.
(pdftex.def)             Requested size: 433.62pt x 238.99538pt.
 [145 <./chapters/16/images//dendrogram.png>]
<chapters/16/images//outliers.png, id=2308, 799.98875pt x 447.6725pt>
File: chapters/16/images//outliers.png Graphic file (type png)
<use chapters/16/images//outliers.png>
Package pdftex.def Info: chapters/16/images//outliers.png  used on input line 92.
(pdftex.def)             Requested size: 433.62pt x 242.65489pt.
 [146 <./chapters/16/images//correct-number.png>] [147 <./chapters/16/images//outliers.png>]
<chapters/16/images//elbow.png, id=2323, 812.03375pt x 383.4325pt>
File: chapters/16/images//elbow.png Graphic file (type png)
<use chapters/16/images//elbow.png>
Package pdftex.def Info: chapters/16/images//elbow.png  used on input line 162.
(pdftex.def)             Requested size: 433.62pt x 204.74529pt.
 [148]
<chapters/16/images//psn.png, id=2335, 848.16875pt x 453.695pt>
File: chapters/16/images//psn.png Graphic file (type png)
<use chapters/16/images//psn.png>
Package pdftex.def Info: chapters/16/images//psn.png  used on input line 171.
(pdftex.def)             Requested size: 433.62pt x 231.94905pt.
 [149 <./chapters/16/images//elbow.png> <./chapters/16/images//psn.png>] [150]
<chapters/16/images//p53.png, id=2351, 502.87875pt x 356.33125pt>
File: chapters/16/images//p53.png Graphic file (type png)
<use chapters/16/images//p53.png>
Package pdftex.def Info: chapters/16/images//p53.png  used on input line 255.
(pdftex.def)             Requested size: 433.62pt x 307.25447pt.
 [151]
<chapters/16/images//vap.png, id=2357, 583.17876pt x 318.18875pt>
File: chapters/16/images//vap.png Graphic file (type png)
<use chapters/16/images//vap.png>
Package pdftex.def Info: chapters/16/images//vap.png  used on input line 264.
(pdftex.def)             Requested size: 433.62pt x 236.59209pt.
) (chapters/17/monte-carlo.tex [152 <./chapters/16/images//p53.png>] [153 <./chapters/16/images//vap.png>]
Chapter 17.
[154

] [155] [156]
<chapters/17/images//importance-sampling.png, id=2386, 683.55376pt x 230.8625pt>
File: chapters/17/images//importance-sampling.png Graphic file (type png)
<use chapters/17/images//importance-sampling.png>
Package pdftex.def Info: chapters/17/images//importance-sampling.png  used on input line 137.
(pdftex.def)             Requested size: 433.62pt x 146.45161pt.
 [157 <./chapters/17/images//importance-sampling.png>] [158]
Overfull \hbox (4.5634pt too wide) in paragraph at lines 231--234
[]\T1/cmr/m/n/10 If $\OML/cmm/m/it/10 r\OT1/cmr/m/n/10 (\OML/cmm/m/it/10 x[]\OMS/cmsy/m/n/10 j\OML/cmm/m/it/10 x[]\OT1/cmr/m/n/10 ) \OML/cmm/m/it/10 > \OT1/cmr/m/n/10 1$ \T1/cmr/m/n/10 ac-cept the move, oth-er-wise ac-cept the move with prob-a-bil-ity given by $\OML/cmm/m/it/10 r\OT1/cmr/m/n/10 (\OML/cmm/m/it/10 x[]\OMS/cmsy/m/n/10 j\OML/cmm/m/it/10 x[]\OT1/cmr/m/n/10 )$\T1/cmr/m/n/10 :
 []

[159] [160] [161] [162]) (chapters/18/free-energy-calculations.tex [163]
Chapter 18.
<chapters/18/images//enzymes.png, id=2422, 599.23875pt x 216.81pt>
File: chapters/18/images//enzymes.png Graphic file (type png)
<use chapters/18/images//enzymes.png>
Package pdftex.def Info: chapters/18/images//enzymes.png  used on input line 11.
(pdftex.def)             Requested size: 239.69125pt x 86.72246pt.
[164

 <./chapters/18/images//enzymes.png>] [165]
<chapters/18/images//ddm.png, id=2433, 564.1075pt x 478.78876pt>
File: chapters/18/images//ddm.png Graphic file (type png)
<use chapters/18/images//ddm.png>
Package pdftex.def Info: chapters/18/images//ddm.png  used on input line 102.
(pdftex.def)             Requested size: 282.05305pt x 239.39378pt.
 [166] [167 <./chapters/18/images//ddm.png>]
<chapters/18/images//adiabatic-free-energy-dynamics.png, id=2444, 657.45625pt x 288.07625pt>
File: chapters/18/images//adiabatic-free-energy-dynamics.png Graphic file (type png)
<use chapters/18/images//adiabatic-free-energy-dynamics.png>
Package pdftex.def Info: chapters/18/images//adiabatic-free-energy-dynamics.png  used on input line 133.
(pdftex.def)             Requested size: 328.72733pt x 144.03777pt.
 [168 <./chapters/18/images//adiabatic-free-energy-dynamics.png>] [169]
Overfull \hbox (12.99838pt too wide) detected at line 244
\OMS/cmsy/m/n/10 h\OML/cmm/m/it/10 e[]\OMS/cmsy/m/n/10 i[] \OT1/cmr/m/n/10 = [] [] \OML/cmm/m/it/10 dx[]e[]e[] \OT1/cmr/m/n/10 = [] [] \OML/cmm/m/it/10 dx[]e[]
 []

[170]
<chapters/18/images//pulling.png, id=2461, 380.42125pt x 595.22375pt>
File: chapters/18/images//pulling.png Graphic file (type png)
<use chapters/18/images//pulling.png>
Package pdftex.def Info: chapters/18/images//pulling.png  used on input line 260.
(pdftex.def)             Requested size: 190.21014pt x 297.61115pt.
 [171 <./chapters/18/images//pulling.png>]
<chapters/18/images//dist.png, id=2470, 739.76375pt x 555.07375pt>
File: chapters/18/images//dist.png Graphic file (type png)
<use chapters/18/images//dist.png>
Package pdftex.def Info: chapters/18/images//dist.png  used on input line 281.
(pdftex.def)             Requested size: 369.88097pt x 277.53618pt.
 [172 <./chapters/18/images//dist.png>]
<chapters/18/images//rough.png, id=2478, 684.5575pt x 521.95pt>
File: chapters/18/images//rough.png Graphic file (type png)
<use chapters/18/images//rough.png>
Package pdftex.def Info: chapters/18/images//rough.png  used on input line 305.
(pdftex.def)             Requested size: 342.27791pt x 260.97435pt.
<chapters/18/images//RE.png, id=2479, 841.1425pt x 585.18625pt>
File: chapters/18/images//RE.png Graphic file (type png)
<use chapters/18/images//RE.png>
Package pdftex.def Info: chapters/18/images//RE.png  used on input line 320.
(pdftex.def)             Requested size: 420.57022pt x 292.5924pt.
 [173 <./chapters/18/images//rough.png>] [174 <./chapters/18/images//RE.png>]) (chapters/19/rare-events.tex [175]
Chapter 19.
<chapters/19/images//rough-free-energy-surfaces.png, id=2502, 656.4525pt x 347.2975pt>
File: chapters/19/images//rough-free-energy-surfaces.png Graphic file (type png)
<use chapters/19/images//rough-free-energy-surfaces.png>
Package pdftex.def Info: chapters/19/images//rough-free-energy-surfaces.png  used on input line 14.
(pdftex.def)             Requested size: 433.62pt x 229.40782pt.
[176

 <./chapters/19/images//rough-free-energy-surfaces.png>] [177] [178] [179] [180]) (chapters/20/advanced-methods.tex [181] [182]
Chapter 20.
[183

]
<chapters/20/images//tamd.png, id=2539, 700.6175pt x 469.755pt>
File: chapters/20/images//tamd.png Graphic file (type png)
<use chapters/20/images//tamd.png>
Package pdftex.def Info: chapters/20/images//tamd.png  used on input line 67.
(pdftex.def)             Requested size: 433.62pt x 290.74335pt.
 [184] [185 <./chapters/20/images//tamd.png>]
<chapters/20/images//transition-path-ensemble.png, id=2550, 593.21625pt x 176.66pt>
File: chapters/20/images//transition-path-ensemble.png Graphic file (type png)
<use chapters/20/images//transition-path-ensemble.png>
Package pdftex.def Info: chapters/20/images//transition-path-ensemble.png  used on input line 110.
(pdftex.def)             Requested size: 433.62pt x 129.13593pt.
 [186 <./chapters/20/images//transition-path-ensemble.png>]
Overfull \hbox (30.5368pt too wide) in paragraph at lines 150--152
\T1/cmr/m/n/10 Following the same method in Monte Carlo meth-ods and Metropo-lis al-go-rithm, in-tro-duce $\OMS/cmsy/m/n/10 R[]\OT1/cmr/m/n/10 [\OML/cmm/m/it/10 X\OT1/cmr/m/n/10 (\OMS/cmsy/m/n/10 T\OT1/cmr/m/n/10 )\OMS/cmsy/m/n/10 j\OML/cmm/m/it/10 Y\OT1/cmr/m/n/10 (\OMS/cmsy/m/n/10 T\OT1/cmr/m/n/10 )]$\T1/cmr/m/n/10 ,
 []

[187]
<chapters/20/images//transition-path-sampling.png, id=2562, 670.505pt x 280.04625pt>
File: chapters/20/images//transition-path-sampling.png Graphic file (type png)
<use chapters/20/images//transition-path-sampling.png>
Package pdftex.def Info: chapters/20/images//transition-path-sampling.png  used on input line 170.
(pdftex.def)             Requested size: 433.62pt x 181.10489pt.

Overfull \hbox (31.77632pt too wide) detected at line 195
[]
 []

[188 <./chapters/20/images//transition-path-sampling.png>]
<chapters/20/images//committor-distribution.png, id=2569, 657.45625pt x 312.16624pt>
File: chapters/20/images//committor-distribution.png Graphic file (type png)
<use chapters/20/images//committor-distribution.png>
Package pdftex.def Info: chapters/20/images//committor-distribution.png  used on input line 224.
(pdftex.def)             Requested size: 433.62pt x 205.88745pt.
 [189]

Package hyperref Warning: Token not allowed in a PDF string (Unicode):
(hyperref)                removing `math shift' on input line 237.


Package hyperref Warning: Token not allowed in a PDF string (Unicode):
(hyperref)                removing `subscript' on input line 237.


Package hyperref Warning: Token not allowed in a PDF string (Unicode):
(hyperref)                removing `superscript' on input line 237.


Package hyperref Warning: Token not allowed in a PDF string (Unicode):
(hyperref)                removing `\ddagger' on input line 237.


Package hyperref Warning: Token not allowed in a PDF string (Unicode):
(hyperref)                removing `math shift' on input line 237.

[190 <./chapters/20/images//committor-distribution.png>]
<chapters/20/images//histogram-test.png, id=2594, 749.80125pt x 356.33125pt>
File: chapters/20/images//histogram-test.png Graphic file (type png)
<use chapters/20/images//histogram-test.png>
Package pdftex.def Info: chapters/20/images//histogram-test.png  used on input line 255.
(pdftex.def)             Requested size: 433.62pt x 206.07417pt.
) [191 <./chapters/20/images//histogram-test.png>] [192

] (potestio_lectures/chapters/3-real-sys.tex
Chapter 21.
) [193

] (principal.aux)

LaTeX Warning: There were undefined references.


LaTeX Warning: There were multiply-defined labels.

Package rerunfilecheck Info: File `principal.out' has not changed.
(rerunfilecheck)             Checksum: A1B16216646C93F4CA1060EF7C709145;46775.
 ) 
Here is how much of TeX's memory you used:
 25755 strings out of 478619
 490283 string characters out of 2841829
 824455 words of memory out of 3000000
 42759 multiletter control sequences out of 15000+600000
 490887 words of font info for 79 fonts, out of 8000000 for 9000
 1141 hyphenation exceptions out of 8191
 79i,19n,82p,775b,1115s stack positions out of 10000i,1000n,20000p,200000b,80000s
 <C:\Users\Maurizio\AppData\Local\MiKTeX\fonts/pk/ljfour/jknappen/ec/dpi600\ecrm0800.pk> <C:\Users\Maurizio\AppData\Local\MiKTeX\fonts/pk/ljfour/jknappen/ec/dpi600\ecrm0600.pk> <C:\Users\Maurizio\AppData\Local\MiKTeX\fonts/pk/ljfour/jknappen/ec/dpi600\ecrm0500.pk> <C:\Users\Maurizio\AppData\Local\MiKTeX\fonts/pk/ljfour/jknappen/ec/dpi600\ecrm0700.pk> <C:\Users\Maurizio\AppData\Local\MiKTeX\fonts/pk/ljfour/jknappen/ec/dpi600\ecbx0900.pk> <C:\Users\Maurizio\AppData\Local\MiKTeX\fonts/pk/ljfour/jknappen/ec/dpi600\tcrm1000.pk> <C:\Users\Maurizio\AppData\Local\MiKTeX\fonts/pk/ljfour/jknappen/ec/dpi600\ecbx1440.pk> <C:\Users\Maurizio\AppData\Local\MiKTeX\fonts/pk/ljfour/jknappen/ec/dpi600\ecbx2074.pk> <C:\Users\Maurizio\AppData\Local\MiKTeX\fonts/pk/ljfour/jknappen/ec/dpi600\ecrm1000.pk> <C:\Users\Maurizio\AppData\Local\MiKTeX\fonts/pk/ljfour/jknappen/ec/dpi600\ecbx1000.pk> <C:\Users\Maurizio\AppData\Local\MiKTeX\fonts/pk/ljfour/jknappen/ec/dpi600\ecbx1200.pk> <C:\Users\Maurizio\AppData\Local\MiKTeX\fonts/pk/ljfour/jknappen/ec/dpi600\ecrm0900.pk> <C:\Users\Maurizio\AppData\Local\MiKTeX\fonts/pk/ljfour/jknappen/ec/dpi600\ecrm1200.pk> <C:\Users\Maurizio\AppData\Local\MiKTeX\fonts/pk/ljfour/jknappen/ec/dpi600\ecbx2488.pk><C:/Users/Maurizio/AppData/Local/Programs/MiKTeX/fonts/type1/public/amsfonts/cm/cmex10.pfb><C:/Users/Maurizio/AppData/Local/Programs/MiKTeX/fonts/type1/public/amsfonts/cmextra/cmex7.pfb><C:/Users/Maurizio/AppData/Local/Programs/MiKTeX/fonts/type1/public/amsfonts/cm/cmmi10.pfb><C:/Users/Maurizio/AppData/Local/Programs/MiKTeX/fonts/type1/public/amsfonts/cm/cmmi12.pfb><C:/Users/Maurizio/AppData/Local/Programs/MiKTeX/fonts/type1/public/amsfonts/cm/cmmi5.pfb><C:/Users/Maurizio/AppData/Local/Programs/MiKTeX/fonts/type1/public/amsfonts/cm/cmmi6.pfb><C:/Users/Maurizio/AppData/Local/Programs/MiKTeX/fonts/type1/public/amsfonts/cm/cmmi7.pfb><C:/Users/Maurizio/AppData/Local/Programs/MiKTeX/fonts/type1/public/amsfonts/cm/cmmi8.pfb><C:/Users/Maurizio/AppData/Local/Programs/MiKTeX/fonts/type1/public/amsfonts/cm/cmmi9.pfb><C:/Users/Maurizio/AppData/Local/Programs/MiKTeX/fonts/type1/public/amsfonts/cm/cmr10.pfb><C:/Users/Maurizio/AppData/Local/Programs/MiKTeX/fonts/type1/public/amsfonts/cm/cmr12.pfb><C:/Users/Maurizio/AppData/Local/Programs/MiKTeX/fonts/type1/public/amsfonts/cm/cmr5.pfb><C:/Users/Maurizio/AppData/Local/Programs/MiKTeX/fonts/type1/public/amsfonts/cm/cmr6.pfb><C:/Users/Maurizio/AppData/Local/Programs/MiKTeX/fonts/type1/public/amsfonts/cm/cmr7.pfb><C:/Users/Maurizio/AppData/Local/Programs/MiKTeX/fonts/type1/public/amsfonts/cm/cmr8.pfb><C:/Users/Maurizio/AppData/Local/Programs/MiKTeX/fonts/type1/public/amsfonts/cm/cmr9.pfb><C:/Users/Maurizio/AppData/Local/Programs/MiKTeX/fonts/type1/public/amsfonts/cm/cmsy10.pfb><C:/Users/Maurizio/AppData/Local/Programs/MiKTeX/fonts/type1/public/amsfonts/cm/cmsy5.pfb><C:/Users/Maurizio/AppData/Local/Programs/MiKTeX/fonts/type1/public/amsfonts/cm/cmsy6.pfb><C:/Users/Maurizio/AppData/Local/Programs/MiKTeX/fonts/type1/public/amsfonts/cm/cmsy7.pfb><C:/Users/Maurizio/AppData/Local/Programs/MiKTeX/fonts/type1/public/amsfonts/cm/cmsy8.pfb><C:/Users/Maurizio/AppData/Local/Programs/MiKTeX/fonts/type1/public/amsfonts/cm/cmsy9.pfb><C:/Users/Maurizio/AppData/Local/Programs/MiKTeX/fonts/type1/public/amsfonts/latxfont/line10.pfb>
Output written on principal.pdf (194 pages, 6814935 bytes).
PDF statistics:
 3414 PDF objects out of 3580 (max. 8388607)
 659 named destinations out of 1000 (max. 500000)
 2562 words of extra memory for PDF output out of 10000 (max. 10000000)

